\BOOKMARK [1][-]{section.1}{\376\377\000I\000n\000t\000r\000o\000d\000u\000c\000t\000i\000o\000n}{}% 1
\BOOKMARK [2][-]{subsection.1.1}{\376\377\000B\000a\000c\000k\000g\000r\000o\000u\000n\000d}{section.1}% 2
\BOOKMARK [2][-]{subsection.1.2}{\376\377\000L\000i\000t\000e\000r\000a\000t\000u\000r\000e\000\040\000R\000e\000v\000i\000e\000w}{section.1}% 3
\BOOKMARK [2][-]{subsection.1.3}{\376\377\000R\000e\000s\000t\000a\000t\000e\000m\000e\000n\000t\000\040\000o\000f\000\040\000t\000h\000e\000\040\000P\000r\000o\000b\000l\000e\000m}{section.1}% 4
\BOOKMARK [2][-]{subsection.1.4}{\376\377\000O\000u\000r\000\040\000W\000o\000r\000k}{section.1}% 5
\BOOKMARK [1][-]{section.2}{\376\377\000A\000s\000s\000u\000m\000p\000t\000i\000o\000n\000s\000\040\000a\000n\000d\000\040\000J\000u\000s\000t\000i\000f\000i\000c\000a\000t\000i\000o\000n}{}% 6
\BOOKMARK [1][-]{section.3}{\376\377\000N\000o\000t\000a\000t\000i\000o\000n\000s}{}% 7
\BOOKMARK [1][-]{section.4}{\376\377\000T\000A\000S\000K\0003\000:\000R\000a\000n\000d\000o\000m\000\040\000F\000o\000r\000e\000s\000t\000-\000b\000a\000s\000e\000d\000\040\000p\000r\000e\000d\000i\000c\000t\000i\000o\000n\000\040\000o\000f\000\040\000f\000i\000r\000s\000t\000-\000t\000i\000m\000e\000\040\000a\000w\000a\000r\000d\000-\000w\000i\000n\000n\000i\000n\000g\000\040\000c\000o\000u\000n\000t\000r\000i\000e\000s}{}% 8
\BOOKMARK [2][-]{subsection.4.1}{\376\377\000R\000a\000n\000d\000o\000m\000\040\000F\000o\000r\000e\000s\000t\000\040\000M\000o\000d\000e\000l}{section.4}% 9
\BOOKMARK [2][-]{subsection.4.2}{\376\377\000D\000a\000t\000a\000\040\000P\000r\000e\000p\000a\000r\000a\000t\000i\000o\000n\000\040\000a\000n\000d\000\040\000P\000r\000e\000p\000r\000o\000c\000e\000s\000s\000i\000n\000g}{section.4}% 10
\BOOKMARK [3][-]{subsubsection.4.2.1}{\376\377\000D\000a\000t\000a\000\040\000T\000a\000b\000l\000e\000\040\000C\000o\000n\000s\000t\000r\000u\000c\000t\000i\000o\000n}{subsection.4.2}% 11
\BOOKMARK [3][-]{subsubsection.4.2.2}{\376\377\000D\000a\000t\000a\000s\000e\000t\000\040\000C\000r\000e\000a\000t\000i\000o\000n}{subsection.4.2}% 12
\BOOKMARK [2][-]{subsection.4.3}{\376\377\000\040\000M\000o\000d\000e\000l\000\040\000C\000o\000n\000s\000t\000r\000u\000c\000t\000i\000o\000n}{section.4}% 13
\BOOKMARK [3][-]{subsubsection.4.3.1}{\376\377\000V\000a\000r\000i\000a\000b\000l\000e\000\040\000A\000n\000a\000l\000y\000s\000i\000s}{subsection.4.3}% 14
\BOOKMARK [3][-]{subsubsection.4.3.2}{\376\377\000M\000o\000d\000e\000l\000\040\000T\000r\000a\000i\000n\000i\000n\000g}{subsection.4.3}% 15
\BOOKMARK [3][-]{subsubsection.4.3.3}{\376\377\000M\000o\000d\000e\000l\000\040\000P\000e\000r\000f\000o\000r\000m\000a\000n\000c\000e\000\040\000V\000i\000s\000u\000a\000l\000i\000z\000a\000t\000i\000o\000n}{subsection.4.3}% 16
\BOOKMARK [3][-]{subsubsection.4.3.4}{\376\377\000M\000o\000d\000e\000l\000\040\000P\000r\000e\000d\000i\000c\000t\000i\000o\000n}{subsection.4.3}% 17
\BOOKMARK [2][-]{subsection.4.4}{\376\377\000M\000o\000d\000e\000l\000\040\000T\000e\000s\000t\000i\000n\000g}{section.4}% 18
\BOOKMARK [3][-]{subsubsection.4.4.1}{\376\377\000T\000e\000s\000t\000\040\000S\000e\000t\000\040\000C\000o\000n\000s\000t\000r\000u\000c\000t\000i\000o\000n}{subsection.4.4}% 19
\BOOKMARK [3][-]{subsubsection.4.4.2}{\376\377\000T\000e\000s\000t\000i\000n\000g}{subsection.4.4}% 20
\BOOKMARK [2][-]{subsection.4.5}{\376\377\000T\000A\000S\000K\0004\000:\000\040\000Q\000u\000a\000n\000t\000i\000t\000a\000t\000i\000v\000e\000\040\000G\000r\000a\000p\000h\000\040\000T\000h\000e\000o\000r\000y\000\040\000M\000o\000d\000e\000l\000\040\000o\000f\000\040\000t\000h\000e\000\040\000"\000G\000r\000e\000a\000t\000\040\000C\000o\000a\000c\000h\000\040\000E\000f\000f\000e\000c\000t\000"\000\040\000B\000a\000s\000e\000d\000\040\000o\000n\000\040\000N\000e\000t\000w\000o\000r\000k\000\040\000F\000l\000o\000w}{section.4}% 21
\BOOKMARK [3][-]{subsubsection.4.5.1}{\376\377\000M\000o\000d\000e\000l\000\040\000B\000a\000c\000k\000g\000r\000o\000u\000n\000d}{subsection.4.5}% 22
\BOOKMARK [3][-]{subsubsection.4.5.2}{\376\377\000M\000o\000d\000e\000l\000\040\000C\000o\000n\000s\000t\000r\000u\000c\000t\000i\000o\000n}{subsection.4.5}% 23
\BOOKMARK [2][-]{subsection.4.6}{\376\377\000L\000e\000t\000t\000e\000r}{section.4}% 24
\BOOKMARK [2][-]{subsection.4.7}{\376\377\000M\000o\000d\000e\000l\000\040\000A\000s\000s\000e\000s\000s\000m\000e\000n\000t}{section.4}% 25
\BOOKMARK [3][-]{subsubsection.4.7.1}{\376\377\000S\000t\000r\000e\000n\000g\000t\000h\000s}{subsection.4.7}% 26
\BOOKMARK [3][-]{subsubsection.4.7.2}{\376\377\000W\000e\000a\000k\000n\000e\000s\000s\000e\000s}{subsection.4.7}% 27
